tesstwo/build/outputs/logs/manifest-merger-debug-report.txt
-- Merging decision tree log ---
manifest
ADDED from src\main\AndroidManifest.xml:16:1-19:48
INJECTED from src\main\AndroidManifest.xml:16:1-19:48
INJECTED from src\main\AndroidManifest.xml:16:1-19:48
INJECTED from src\main\AndroidManifest.xml:16:1-19:48
INJECTED from src\main\AndroidManifest.xml:16:1-19:48
INJECTED from src\main\AndroidManifest.xml:16:1-19:48
INJECTED from src\main\AndroidManifest.xml:16:1-19:48
	package
		ADDED from src\main\AndroidManifest.xml:17:11-53
		INJECTED from src\main\AndroidManifest.xml
		INJECTED from src\main\AndroidManifest.xml
	android:versionName
		ADDED from src\main\AndroidManifest.xml:19:11-36
		INJECTED from src\main\AndroidManifest.xml
		INJECTED from src\main\AndroidManifest.xml
	xmlns:android
		ADDED from src\main\AndroidManifest.xml:16:11-69
	android:versionCode
		ADDED from src\main\AndroidManifest.xml:18:11-34
		INJECTED from src\main\AndroidManifest.xml
		INJECTED from src\main\AndroidManifest.xml
uses-sdk
INJECTED from src\main\AndroidManifest.xml reason: use-sdk injection requested
INJECTED from src\main\AndroidManifest.xml
INJECTED from src\main\AndroidManifest.xml
INJECTED from src\main\AndroidManifest.xml
INJECTED from src\main\AndroidManifest.xml
	android:targetSdkVersion
		INJECTED from src\main\AndroidManifest.xml
		ADDED from src\main\AndroidManifest.xml
		INJECTED from src\main\AndroidManifest.xml
	android:minSdkVersion
		INJECTED from src\main\AndroidManifest.xml
		ADDED from src\main\AndroidManifest.xml
		INJECTED from src\main\AndroidManifest.xml